<?xml version="1.0" encoding="UTF-8"?>
<testsuite name="com.iceze.library.service.BookServiceImplTest" tests="8" skipped="0" failures="0" errors="0" timestamp="2023-05-15T12:39:26" hostname="navis-MacBook-Pro.local" time="0.071">
  <properties/>
  <testcase name="shouldRetrieveBook" classname="com.iceze.library.service.BookServiceImplTest" time="0.049"/>
  <testcase name="shouldGetBookSummaryValidateBookReference" classname="com.iceze.library.service.BookServiceImplTest" time="0.005"/>
  <testcase name="shouldValidateBookReference" classname="com.iceze.library.service.BookServiceImplTest" time="0.001"/>
  <testcase name="shouldGetBookSummaryThrowExceptionIfBookReferenceDoesNotExist" classname="com.iceze.library.service.BookServiceImplTest" time="0.001"/>
  <testcase name="shouldGetBookSummaryWithReviewOfMoreThan9Words" classname="com.iceze.library.service.BookServiceImplTest" time="0.008"/>
  <testcase name="shouldGetBookSummaryWithBlankReview" classname="com.iceze.library.service.BookServiceImplTest" time="0.001"/>
  <testcase name="shouldGetBookSummaryWithReviewOf9WordsOrLess" classname="com.iceze.library.service.BookServiceImplTest" time="0.001"/>
  <testcase name="shouldThrowExceptionIfBookReferenceDoesNotExist" classname="com.iceze.library.service.BookServiceImplTest" time="0.001"/>
  <system-out><![CDATA[]]></system-out>
  <system-err><![CDATA[]]></system-err>
</testsuite>
